\BOOKMARK [0][-]{section*.1}{\376\377\000A\000b\000s\000t\000r\000a\000c\000t}{}% 1
\BOOKMARK [0][-]{section*.2}{\376\377\000Z\000u\000s\000a\000m\000m\000e\000n\000f\000a\000s\000s\000u\000n\000g}{}% 2
\BOOKMARK [0][-]{chapter.1}{\376\377\000D\000e\000t\000e\000c\000t\000o\000r\000\040\000D\000e\000s\000i\000g\000n\000\040\000a\000n\000d\000\040\000C\000o\000n\000s\000t\000r\000u\000c\000t\000i\000o\000n}{}% 3
\BOOKMARK [1][-]{section.1.1}{\376\377\000I\000n\000t\000r\000o\000d\000u\000c\000t\000i\000o\000n\000\040\000\046\000\040\000M\000o\000t\000i\000v\000a\000t\000i\000o\000n}{chapter.1}% 4
\BOOKMARK [1][-]{section.1.2}{\376\377\000D\000e\000t\000e\000c\000t\000o\000r\000\040\000C\000o\000n\000c\000e\000p\000t\000\040\000\046\000\040\000S\000c\000i\000n\000t\000i\000l\000l\000a\000t\000o\000r\000\040\000S\000e\000l\000e\000c\000t\000i\000o\000n}{chapter.1}% 5
\BOOKMARK [1][-]{section.1.3}{\376\377\000D\000e\000t\000e\000c\000t\000o\000r\000\040\000S\000i\000m\000u\000l\000a\000t\000i\000o\000n}{chapter.1}% 6
\BOOKMARK [2][-]{subsection.1.3.1}{\376\377\000D\000e\000t\000e\000c\000t\000o\000r\000\040\000I\000m\000p\000l\000e\000m\000e\000n\000t\000a\000t\000i\000o\000n}{section.1.3}% 7
\BOOKMARK [1][-]{section.1.4}{\376\377\000R\000e\000a\000d\000o\000u\000t}{chapter.1}% 8
\BOOKMARK [1][-]{section.1.5}{\376\377\000D\000e\000t\000e\000c\000t\000o\000r\000\040\000H\000o\000u\000s\000i\000n\000g}{chapter.1}% 9
\BOOKMARK [2][-]{subsection.1.5.1}{\376\377\000W\000r\000a\000p\000p\000i\000n\000g}{section.1.5}% 10
\BOOKMARK [2][-]{subsection.1.5.2}{\376\377\000L\000i\000g\000h\000t\000\040\000Y\000i\000e\000l\000d\000\040\000M\000e\000a\000s\000u\000r\000e\000m\000e\000n\000t}{section.1.5}% 11
\BOOKMARK [3][-]{subsubsection.1.5.2.1}{\376\377\000L\000i\000g\000h\000t\000\040\000Y\000i\000e\000l\000d\000:\000\040\000P\000b\000W\000O\0004}{subsection.1.5.2}% 12
\BOOKMARK [3][-]{subsubsection.1.5.2.2}{\376\377\000L\000i\000g\000h\000t\000\040\000Y\000i\000e\000l\000d\000:\000\040\000E\000J\000-\0002\0000\0000}{subsection.1.5.2}% 13
\BOOKMARK [1][-]{section.1.6}{\376\377\000P\000h\000o\000t\000o\000n\000\040\000R\000e\000a\000d\000o\000u\000t\000\040\000a\000n\000d\000\040\000S\000i\000P\000M\000\040\000S\000e\000l\000e\000c\000t\000i\000o\000n}{chapter.1}% 14
\BOOKMARK [2][-]{subsection.1.6.1}{\376\377\000S\000i\000P\000M\000\040\000f\000o\000r\000\040\000P\000b\000W\000O\0004}{section.1.6}% 15
\BOOKMARK [2][-]{subsection.1.6.2}{\376\377\000S\000i\000P\000M\000\040\000f\000o\000r\000\040\000E\000J\000-\0002\0001\0002}{section.1.6}% 16
\BOOKMARK [1][-]{section.1.7}{\376\377\000D\000e\000t\000e\000c\000t\000o\000r\000\040\000A\000s\000s\000e\000m\000b\000l\000y\000\040\000a\000n\000d\000\040\000C\000o\000n\000s\000t\000r\000u\000c\000t\000i\000o\000n}{chapter.1}% 17
\BOOKMARK [1][-]{section.1.8}{\376\377\000E\000x\000p\000e\000r\000i\000m\000e\000n\000t\000a\000l\000\040\000S\000e\000t\000u\000p}{chapter.1}% 18
\BOOKMARK [1][-]{section.1.9}{\376\377\000D\000a\000t\000a\000\040\000A\000n\000a\000l\000y\000s\000i\000s}{chapter.1}% 19
\BOOKMARK [1][-]{section.1.10}{\376\377\000R\000e\000s\000u\000l\000t\000s}{chapter.1}% 20
\BOOKMARK [1][-]{section.1.11}{\376\377\000D\000i\000s\000c\000u\000s\000s\000i\000o\000n}{chapter.1}% 21
\BOOKMARK [1][-]{section.1.12}{\376\377\000O\000u\000t\000l\000o\000o\000k}{chapter.1}% 22
\BOOKMARK [0][-]{chapter*.12}{\376\377\000B\000i\000b\000l\000i\000o\000g\000r\000a\000p\000h\000y}{}% 23
\BOOKMARK [0][-]{chapter*.13}{\376\377\000L\000i\000s\000t\000\040\000o\000f\000\040\000F\000i\000g\000u\000r\000e\000s}{}% 24
\BOOKMARK [0][-]{chapter*.14}{\376\377\000L\000i\000s\000t\000\040\000o\000f\000\040\000T\000a\000b\000l\000e\000s}{}% 25
